\BOOKMARK [1][-]{section.1}{Plato}{}% 1
\BOOKMARK [2][-]{subsection.1.1}{Part 1: Plato and Justice}{section.1}% 2
\BOOKMARK [3][-]{subsubsection.1.1.1}{Plato and Thrasymachus}{subsection.1.1}% 3
\BOOKMARK [3][-]{subsubsection.1.1.2}{Characteristics of Justice}{subsection.1.1}% 4
\BOOKMARK [3][-]{subsubsection.1.1.3}{Conventional and Platonic Justice}{subsection.1.1}% 5
\BOOKMARK [2][-]{subsection.1.2}{Part 1: Study Questions and Plans}{section.1}% 6
\BOOKMARK [3][-]{subsubsection.1.2.1}{Thrasymachus}{subsection.1.2}% 7
\BOOKMARK [3][-]{subsubsection.1.2.2}{Soul and City, an analogy}{subsection.1.2}% 8
\BOOKMARK [3][-]{subsubsection.1.2.3}{Arguments to Remember}{subsection.1.2}% 9
\BOOKMARK [3][-]{subsubsection.1.2.4}{Appendix}{subsection.1.2}% 10
\BOOKMARK [2][-]{subsection.1.3}{Part 2: Preservation of Justice}{section.1}% 11
\BOOKMARK [3][-]{subsubsection.1.3.1}{Craft Analogy}{subsection.1.3}% 12
\BOOKMARK [3][-]{subsubsection.1.3.2}{Censorship}{subsection.1.3}% 13
\BOOKMARK [3][-]{subsubsection.1.3.3}{Private Property}{subsection.1.3}% 14
\BOOKMARK [3][-]{subsubsection.1.3.4}{Rigged Lotteries}{subsection.1.3}% 15
\BOOKMARK [3][-]{subsubsection.1.3.5}{Why Reason?}{subsection.1.3}% 16
\BOOKMARK [2][-]{subsection.1.4}{Part 2: Study Questions and Plans}{section.1}% 17
\BOOKMARK [1][-]{section.2}{Aristotle}{}% 18
\BOOKMARK [1][-]{section.3}{Machiavelli}{}% 19
\BOOKMARK [1][-]{section.4}{Thomas Hobbes}{}% 20
\BOOKMARK [1][-]{section.5}{John Stuart Mill}{}% 21
\BOOKMARK [1][-]{section.6}{Kwame Nkrumah}{}% 22
