\BOOKMARK [1][-]{section.1}{Plato}{}% 1
\BOOKMARK [2][-]{subsection.1.1}{Part 1: Plato and Justice}{section.1}% 2
\BOOKMARK [3][-]{subsubsection.1.1.1}{Plato and Thrasymachus}{subsection.1.1}% 3
\BOOKMARK [3][-]{subsubsection.1.1.2}{Characteristics of Justice}{subsection.1.1}% 4
\BOOKMARK [3][-]{subsubsection.1.1.3}{Conventional and Platonic Justice}{subsection.1.1}% 5
\BOOKMARK [2][-]{subsection.1.2}{Part 1: Study Questions and Plans}{section.1}% 6
\BOOKMARK [3][-]{subsubsection.1.2.1}{Thrasymachus}{subsection.1.2}% 7
\BOOKMARK [3][-]{subsubsection.1.2.2}{Soul and City, an analogy}{subsection.1.2}% 8
\BOOKMARK [3][-]{subsubsection.1.2.3}{Arguments to Remember}{subsection.1.2}% 9
\BOOKMARK [2][-]{subsection.1.3}{Part 1: Appendix}{section.1}% 10
\BOOKMARK [2][-]{subsection.1.4}{Part 2: Preservation of Justice}{section.1}% 11
\BOOKMARK [3][-]{subsubsection.1.4.1}{Craft Analogy}{subsection.1.4}% 12
\BOOKMARK [3][-]{subsubsection.1.4.2}{Censorship}{subsection.1.4}% 13
\BOOKMARK [3][-]{subsubsection.1.4.3}{Private Property}{subsection.1.4}% 14
\BOOKMARK [3][-]{subsubsection.1.4.4}{Rigged Lotteries}{subsection.1.4}% 15
\BOOKMARK [3][-]{subsubsection.1.4.5}{Why Reason?}{subsection.1.4}% 16
\BOOKMARK [2][-]{subsection.1.5}{Part 2: Study Questions and Plans}{section.1}% 17
\BOOKMARK [3][-]{subsubsection.1.5.1}{Classes of Citizen}{subsection.1.5}% 18
\BOOKMARK [3][-]{subsubsection.1.5.2}{Philosophers and Ruling}{subsection.1.5}% 19
\BOOKMARK [3][-]{subsubsection.1.5.3}{Plausibility of Ideal Justice}{subsection.1.5}% 20
\BOOKMARK [3][-]{subsubsection.1.5.4}{Justice and Other Virtues}{subsection.1.5}% 21
\BOOKMARK [2][-]{subsection.1.6}{Part 2: Appendix}{section.1}% 22
\BOOKMARK [1][-]{section.2}{Aristotle}{}% 23
\BOOKMARK [1][-]{section.3}{Machiavelli}{}% 24
\BOOKMARK [1][-]{section.4}{Thomas Hobbes}{}% 25
\BOOKMARK [2][-]{subsection.4.1}{Part 1: Hobbes' Philosophical Project}{section.4}% 26
\BOOKMARK [3][-]{subsubsection.4.1.1}{Thought and Methodology}{subsection.4.1}% 27
\BOOKMARK [3][-]{subsubsection.4.1.2}{Hobbes on Power}{subsection.4.1}% 28
\BOOKMARK [3][-]{subsubsection.4.1.3}{Hobbes' State of Nature}{subsection.4.1}% 29
\BOOKMARK [3][-]{subsubsection.4.1.4}{Laws of Nature}{subsection.4.1}% 30
\BOOKMARK [3][-]{subsubsection.4.1.5}{Establishing the Sovereign}{subsection.4.1}% 31
\BOOKMARK [3][-]{subsubsection.4.1.6}{Absolutism}{subsection.4.1}% 32
\BOOKMARK [2][-]{subsection.4.2}{Part 1: Study Questions and Plans}{section.4}% 33
\BOOKMARK [2][-]{subsection.4.3}{Part 1: Appendix}{section.4}% 34
\BOOKMARK [2][-]{subsection.4.4}{Part 2: Hobbes and Dilemmas}{section.4}% 35
\BOOKMARK [2][-]{subsection.4.5}{Part 2: Study Questions and Plans}{section.4}% 36
\BOOKMARK [2][-]{subsection.4.6}{Part 2: Appendix}{section.4}% 37
\BOOKMARK [1][-]{section.5}{John Stuart Mill}{}% 38
\BOOKMARK [1][-]{section.6}{Kwame Nkrumah}{}% 39
